<?xml version="1.0" encoding="utf-8"?><testsuites name="pytest tests"><testsuite name="pytest" errors="0" failures="0" skipped="0" tests="24" time="3.788" timestamp="2026-04-23T11:35:32.924987+00:00" hostname="agent-env-4b275d0c-1800-4fef-a193-c5574b552ca8"><testcase classname="backend.tests.test_tblc_api" name="test_login_wrong_password" time="0.172" /><testcase classname="backend.tests.test_tblc_api" name="test_login_correct_returns_token" time="0.119" /><testcase classname="backend.tests.test_tblc_api" name="test_admin_me_requires_token" time="0.117" /><testcase classname="backend.tests.test_tblc_api" name="test_admin_me_ok" time="0.098" /><testcase classname="backend.tests.test_tblc_api" name="test_bootstrap_seeded" time="0.104" /><testcase classname="backend.tests.test_tblc_api" name="test_public_get_list[events]" time="0.107" /><testcase classname="backend.tests.test_tblc_api" name="test_public_get_list[ministries]" time="0.101" /><testcase classname="backend.tests.test_tblc_api" name="test_public_get_list[sermons]" time="0.106" /><testcase classname="backend.tests.test_tblc_api" name="test_public_get_list[pastors]" time="0.112" /><testcase classname="backend.tests.test_tblc_api" name="test_public_get_list[newsletters]" time="0.103" /><testcase classname="backend.tests.test_tblc_api" name="test_public_settings" time="0.116" /><testcase classname="backend.tests.test_tblc_api" name="test_create_requires_auth[events]" time="0.102" /><testcase classname="backend.tests.test_tblc_api" name="test_create_requires_auth[ministries]" time="0.103" /><testcase classname="backend.tests.test_tblc_api" name="test_create_requires_auth[sermons]" time="0.111" /><testcase classname="backend.tests.test_tblc_api" name="test_create_requires_auth[pastors]" time="0.129" /><testcase classname="backend.tests.test_tblc_api" name="test_create_requires_auth[newsletters]" time="0.112" /><testcase classname="backend.tests.test_tblc_api" name="test_put_settings_requires_auth" time="0.100" /><testcase classname="backend.tests.test_tblc_api" name="test_resolve_drive_image" time="0.102" /><testcase classname="backend.tests.test_tblc_api" name="test_resolve_drive_file" time="0.102" /><testcase classname="backend.tests.test_tblc_api" name="test_resolve_drive_external_passthrough" time="0.121" /><testcase classname="backend.tests.test_tblc_api" name="test_event_crud_and_drive_conversion" time="0.516" /><testcase classname="backend.tests.test_tblc_api" name="test_newsletter_crud_and_drive_file" time="0.219" /><testcase classname="backend.tests.test_tblc_api" name="test_site_images_direct_urls" time="0.326" /><testcase classname="backend.tests.test_tblc_api" name="test_settings_put_with_auth" time="0.423" /></testsuite></testsuites>